<?xml version="1.0" encoding="UTF-8"?>
<!-- Generated by org.testng.reporters.JUnitReportReporter -->
<testsuite skipped="0" hostname="DESKTOP-R3TL37P" name="com.amazon.amazon1.margagetestng" tests="1" failures="0" timestamp="04 Nov 2019 21:57:36 GMT" time="2.463" errors="0">
  <testcase name="f" time="2.463" classname="com.amazon.amazon1.margagetestng"/>
</testsuite> <!-- com.amazon.amazon1.margagetestng -->
